[INFO] Scanning for projects...
[INFO] 
[INFO] --------------------< guru.springframework:di-demo >--------------------
[INFO] Building di-demo 0.0.1-SNAPSHOT
[INFO] --------------------------------[ jar ]---------------------------------
[INFO] 
[INFO] >>> spring-boot-maven-plugin:2.1.0.RELEASE:run (default-cli) > test-compile @ di-demo >>>
[INFO] 
[INFO] --- maven-resources-plugin:3.1.0:resources (default-resources) @ di-demo ---
[INFO] Using 'UTF-8' encoding to copy filtered resources.
[INFO] Copying 1 resource
[INFO] Copying 0 resource
[INFO] 
[INFO] --- maven-compiler-plugin:3.8.0:compile (default-compile) @ di-demo ---
[INFO] Nothing to compile - all classes are up to date
[INFO] 
[INFO] --- maven-resources-plugin:3.1.0:testResources (default-testResources) @ di-demo ---
[INFO] Using 'UTF-8' encoding to copy filtered resources.
[INFO] skip non existing resourceDirectory D:\workspaces\spring\guru\spring5-di-demo\spring5-di-demo\src\test\resources
[INFO] 
[INFO] --- maven-compiler-plugin:3.8.0:testCompile (default-testCompile) @ di-demo ---
[INFO] Nothing to compile - all classes are up to date
[INFO] 
[INFO] <<< spring-boot-maven-plugin:2.1.0.RELEASE:run (default-cli) < test-compile @ di-demo <<<
[INFO] 
[INFO] 
[INFO] --- spring-boot-maven-plugin:2.1.0.RELEASE:run (default-cli) @ di-demo ---

  .   ____          _            __ _ _
 /\\ / ___'_ __ _ _(_)_ __  __ _ \ \ \ \
( ( )\___ | '_ | '_| | '_ \/ _` | \ \ \ \
 \\/  ___)| |_)| | | | | || (_| |  ) ) ) )
  '  |____| .__|_| |_|_| |_\__, | / / / /
 =========|_|==============|___/=/_/_/_/
 :: Spring Boot ::        (v2.1.0.RELEASE)

2019-01-09 12:13:16.600  INFO 25404 --- [           main] guru.springframework.DiDemoApplication   : Starting DiDemoApplication on TOMS7373 with PID 25404 (D:\workspaces\spring\guru\spring5-di-demo\spring5-di-demo\target\classes started by tverk in D:\workspaces\spring\guru\spring5-di-demo\spring5-di-demo)
2019-01-09 12:13:16.602  INFO 25404 --- [           main] guru.springframework.DiDemoApplication   : The following profiles are active: de
2019-01-09 12:13:17.220  INFO 25404 --- [           main] guru.springframework.DiDemoApplication   : Started DiDemoApplication in 0.881 seconds (JVM running for 4.242)
Hello!!! 
Primärer Grußdienst
Hello Gurus!!!! - Original
Hello - I was injected by the getter
Hello - I was injected via the constructor!!!
[INFO] ------------------------------------------------------------------------
[INFO] BUILD SUCCESS
[INFO] ------------------------------------------------------------------------
[INFO] Total time:  3.328 s
[INFO] Finished at: 2019-01-09T12:13:17-05:00
[INFO] ------------------------------------------------------------------------
